<?xml version="1.0" encoding="UTF-8"?>
<!-- Generated by org.testng.reporters.JUnitReportReporter -->
<testsuite hostname="LAPTOP-BDL305ER" failures="0" tests="1" name="practiceMavenNew.TestEx" time="0.013" errors="0" timestamp="2023-07-05T11:40:38 IST" skipped="0">
  <testcase classname="practiceMavenNew.TestEx" name="m1" time="0.013"/>
  <system-out/>
</testsuite> <!-- practiceMavenNew.TestEx -->
