<?xml version="1.0" encoding="UTF-8"?>
<!-- Generated by org.testng.reporters.JUnitReportReporter -->
<testsuite hostname="LAPTOP-BDL305ER" failures="0" tests="1" name="practiceMavenNew.YoutubeTest" time="6.153" errors="0" timestamp="2023-07-06T10:37:59 IST" skipped="0">
  <testcase classname="practiceMavenNew.YoutubeTest" name="m1" time="6.153"/>
  <system-out/>
</testsuite> <!-- practiceMavenNew.YoutubeTest -->
