<?xml version="1.0" encoding="UTF-8"?>
<!-- Generated by org.testng.reporters.JUnitReportReporter -->
<testsuite hostname="LAPTOP-BDL305ER" failures="0" tests="1" name="practiceMavenNew.FlipkartTest" time="10.627" errors="0" timestamp="2023-07-06T10:28:25 IST" skipped="0">
  <testcase classname="practiceMavenNew.FlipkartTest" name="m1" time="10.627"/>
  <system-out/>
</testsuite> <!-- practiceMavenNew.FlipkartTest -->
